2017/05/27 19:55:06 Config file not found...
2017/05/27 19:58:08 Config file not found...
2017/05/27 19:59:41 Config file not found...
2017/05/27 19:59:41 /home/fnb.config/bitcoin-stats/
2017/05/27 20:00:34 Config file not found...
2017/05/27 20:00:58 Config file not found...
2017/05/27 20:02:25 Config file not found...
2017/05/27 20:03:08 Config file not found...
2017/05/27 20:08:36 Config file not found...
2017/05/27 20:09:10 Config file not found...
2017/05/27 20:09:23 Config file not found...
2017/05/27 20:10:33 Config file not found...
2017/05/28 15:20:51 Config file not found...
2017/05/28 15:33:50 Config file not found...
2017/05/28 15:35:46 Config file not found...
2017/05/28 15:36:07 Config file not found...
2017/05/28 15:39:19 Config file not found...
2017/05/28 15:42:48 Config file not found...
2017/05/28 15:44:39 Config file not found...
2017/05/28 15:45:11 Config file not found...
2017/05/28 15:47:27 Config file not found...
2017/05/28 15:47:57 Config file not found...
2017/05/28 16:16:20 Config file not found...
2017/05/28 16:23:48 Config file not found...
2017/05/28 16:24:40 Config file not found...
2017/05/28 19:32:03 Config file not found...
2017/05/28 19:36:18 Config file not found...
2017/05/28 19:44:24 Config file not found...
2017/05/28 19:44:24 sql: expected 6 destination arguments in Scan, not 2
2017/05/28 19:44:43 Config file not found...
2017/05/28 19:44:43 sql: expected 6 destination arguments in Scan, not 2
2017/05/28 19:45:06 Config file not found...
2017/05/28 19:45:06 sql: expected 6 destination arguments in Scan, not 2
2017/05/28 19:48:48 Config file not found...
2017/05/28 19:48:48 ambiguous column name: timestamp
2017/05/28 19:51:46 Config file not found...
2017/05/28 19:51:46 sql: expected 5 destination arguments in Scan, not 2
2017/05/28 19:52:42 Config file not found...
2017/05/28 19:52:42 ambiguous column name: timestamp
2017/05/29 07:02:53 Config file not found...
2017/05/29 07:02:53 ambiguous column name: timestamp
2017/05/30 18:14:59 Config file not found...
2017/05/30 18:14:59 ambiguous column name: timestamp
2017/05/30 18:18:33 Config file not found...
2017/05/30 18:18:33 ambiguous column name: timestamp
2017/05/30 18:24:18 Config file not found...
2017/05/30 18:24:18 sql: expected 5 destination arguments in Scan, not 2
2017/05/30 18:28:15 Config file not found...
2017/05/30 18:28:15 no such column: ex.timestamp
2017/05/30 18:28:39 Config file not found...
2017/05/30 18:30:02 Config file not found...
2017/05/30 18:30:02 ambiguous column name: timestamp
2017/05/30 18:30:21 Config file not found...
2017/05/30 18:30:21 ambiguous column name: timestamp
2017/05/30 18:30:35 Config file not found...
2017/05/30 18:33:37 Config file not found...
2017/05/30 18:33:37 sql: Scan error on column index 1: converting driver.Value type float64 ("1.495992979921e+12") to a int64: invalid syntax
2017/05/30 18:34:30 Config file not found...
2017/05/30 18:34:46 Config file not found...
2017/05/30 18:35:16 Config file not found...
2017/05/30 18:35:41 Config file not found...
2017/05/30 18:37:30 Config file not found...
2017/05/30 18:37:43 Config file not found...
2017/05/30 18:37:43 sql: Scan error on column index 2: converting driver.Value type float64 ("2262.49") to a int64: invalid syntax
2017/05/30 18:38:26 Config file not found...
2017/05/30 18:38:26 sql: Scan error on column index 2: converting driver.Value type float64 ("2262.49") to a int64: invalid syntax
2017/05/30 18:39:37 Config file not found...
2017/05/30 18:40:51 Config file not found...
2017/05/30 18:40:58 "database is locked": insert into exchanges (exchange, timestamp, ask, bid, volume) values ('Luno',1496162453096, 34987.00,34585.00, 0);
2017/05/30 18:41:04 "database is locked": insert into exchanges (exchange, timestamp, ask, bid, volume) values ('Bitstamp',1496162459, 2277.07,2276.84, 1250.57710731);
2017/05/30 18:41:41 Config file not found...
2017/05/30 18:43:30 Config file not found...
2017/05/30 18:43:30 no such column: ex.currencyCode
2017/05/30 18:44:03 Config file not found...
2017/05/30 18:44:03 no such column: ex.currencyCode
2017/05/30 18:45:10 Config file not found...
2017/05/30 18:45:12 "no such column: ZAR": insert into exchanges (exchange, timestamp, ask, bid, volume, currencyCode) values ('Luno',1496162712071, 34835.00,34510.00, 0, ZAR);
2017/05/30 18:45:13 "no such column: USD": insert into exchanges (exchange, timestamp, ask, bid, volume, currencyCode) values ('Bitstamp',1496162712, 2276.62,2275.04, 1107.73927910, USD);
2017/05/30 18:45:40 Config file not found...
2017/05/30 18:47:18 Config file not found...
2017/06/01 17:41:40 http: read on closed response body
2017/06/01 17:41:40 "near \",\": syntax error": insert into exchanges (exchange, timestamp, ask, bid, volume, currencyCode) values ('Luno',0, ,, 0, 'ZAR');
2017/06/01 17:41:41 http: read on closed response body
2017/06/01 17:41:41 "near \",\": syntax error": insert into exchanges (exchange, timestamp, ask, bid, volume, currencyCode) values ('Bitstamp',, ,, , 'USD');
2017/06/03 11:15:02 Do: Get https://api.mybitx.com/api/1/ticker?pair=XBTZAR: dial tcp: lookup api.mybitx.com: no such host
